# JRE version: Java(TM) SE Runtime Environment (7.0_51-b13) (build 1.7.0_51-b13)
# Java VM: Java HotSpot(TM) 64-Bit Server VM (24.51-b03 mixed mode windows-amd64 compressed oops)
Heap
 PSYoungGen      total 18432K, used 218K [0x00000000ebc80000, 0x00000000ed100000, 0x0000000100000000)
  eden space 15872K, 1% used [0x00000000ebc80000,0x00000000ebcb6ae8,0x00000000ecc00000)
  from space 2560K, 0% used [0x00000000ecc00000,0x00000000ecc00000,0x00000000ece80000)
  to   space 2560K, 0% used [0x00000000ece80000,0x00000000ece80000,0x00000000ed100000)
 ParOldGen       total 51200K, used 16023K [0x00000000c3600000, 0x00000000c6800000, 0x00000000ebc80000)
  object space 51200K, 31% used [0x00000000c3600000,0x00000000c45a5d10,0x00000000c6800000)
 PSPermGen       total 22528K, used 11133K [0x00000000be400000, 0x00000000bfa00000, 0x00000000c3600000)
  object space 22528K, 49% used [0x00000000be400000,0x00000000beedf738,0x00000000bfa00000)
GC Heap History (8 events):
Event: 2.106 GC heap before
{Heap before GC invocations=1 (full 0):
 PSYoungGen      total 18432K, used 15872K [0x00000000ebc80000, 0x00000000ed100000, 0x0000000100000000)
  eden space 15872K, 100% used [0x00000000ebc80000,0x00000000ecc00000,0x00000000ecc00000)
  from space 2560K, 0% used [0x00000000ece80000,0x00000000ece80000,0x00000000ed100000)
  to   space 2560K, 0% used [0x00000000ecc00000,0x00000000ecc00000,0x00000000ece80000)
 ParOldGen       total 40960K, used 0K [0x00000000c3600000, 0x00000000c5e00000, 0x00000000ebc80000)
  object space 40960K, 0% used [0x00000000c3600000,0x00000000c3600000,0x00000000c5e00000)
 PSPermGen       total 21504K, used 10972K [0x00000000be400000, 0x00000000bf900000, 0x00000000c3600000)
  object space 21504K, 51% used [0x00000000be400000,0x00000000beeb7050,0x00000000bf900000)
Event: 2.113 GC heap after
Heap after GC invocations=1 (full 0):
 PSYoungGen      total 18432K, used 2432K [0x00000000ebc80000, 0x00000000ed100000, 0x0000000100000000)
  eden space 15872K, 0% used [0x00000000ebc80000,0x00000000ebc80000,0x00000000ecc00000)
  from space 2560K, 95% used [0x00000000ecc00000,0x00000000ece60300,0x00000000ece80000)
  to   space 2560K, 0% used [0x00000000ece80000,0x00000000ece80000,0x00000000ed100000)
 ParOldGen       total 40960K, used 6434K [0x00000000c3600000, 0x00000000c5e00000, 0x00000000ebc80000)
  object space 40960K, 15% used [0x00000000c3600000,0x00000000c3c48a30,0x00000000c5e00000)
 PSPermGen       total 21504K, used 10972K [0x00000000be400000, 0x00000000bf900000, 0x00000000c3600000)
  object space 21504K, 51% used [0x00000000be400000,0x00000000beeb7050,0x00000000bf900000)
}
Event: 10.765 GC heap before
{Heap before GC invocations=2 (full 0):
 PSYoungGen      total 18432K, used 18304K [0x00000000ebc80000, 0x00000000ed100000, 0x0000000100000000)
  eden space 15872K, 100% used [0x00000000ebc80000,0x00000000ecc00000,0x00000000ecc00000)
  from space 2560K, 95% used [0x00000000ecc00000,0x00000000ece60300,0x00000000ece80000)
  to   space 2560K, 0% used [0x00000000ece80000,0x00000000ece80000,0x00000000ed100000)
 ParOldGen       total 40960K, used 6434K [0x00000000c3600000, 0x00000000c5e00000, 0x00000000ebc80000)
  object space 40960K, 15% used [0x00000000c3600000,0x00000000c3c48a30,0x00000000c5e00000)
 PSPermGen       total 21504K, used 11071K [0x00000000be400000, 0x00000000bf900000, 0x00000000c3600000)
  object space 21504K, 51% used [0x00000000be400000,0x00000000beecfc80,0x00000000bf900000)
Event: 10.782 GC heap after
Heap after GC invocations=2 (full 0):
 PSYoungGen      total 18432K, used 2559K [0x00000000ebc80000, 0x00000000ed100000, 0x0000000100000000)
  eden space 15872K, 0% used [0x00000000ebc80000,0x00000000ebc80000,0x00000000ecc00000)
  from space 2560K, 99% used [0x00000000ece80000,0x00000000ed0ffe18,0x00000000ed100000)
  to   space 2560K, 0% used [0x00000000ecc00000,0x00000000ecc00000,0x00000000ece80000)
 ParOldGen       total 40960K, used 22441K [0x00000000c3600000, 0x00000000c5e00000, 0x00000000ebc80000)
  object space 40960K, 54% used [0x00000000c3600000,0x00000000c4bea5f8,0x00000000c5e00000)
 PSPermGen       total 21504K, used 11071K [0x00000000be400000, 0x00000000bf900000, 0x00000000c3600000)
  object space 21504K, 51% used [0x00000000be400000,0x00000000beecfc80,0x00000000bf900000)
}
Event: 20.593 GC heap before
{Heap before GC invocations=3 (full 0):
 PSYoungGen      total 18432K, used 18431K [0x00000000ebc80000, 0x00000000ed100000, 0x0000000100000000)
  eden space 15872K, 100% used [0x00000000ebc80000,0x00000000ecc00000,0x00000000ecc00000)
  from space 2560K, 99% used [0x00000000ece80000,0x00000000ed0ffe18,0x00000000ed100000)
  to   space 2560K, 0% used [0x00000000ecc00000,0x00000000ecc00000,0x00000000ece80000)
 ParOldGen       total 40960K, used 22441K [0x00000000c3600000, 0x00000000c5e00000, 0x00000000ebc80000)
  object space 40960K, 54% used [0x00000000c3600000,0x00000000c4bea5f8,0x00000000c5e00000)
 PSPermGen       total 21504K, used 11137K [0x00000000be400000, 0x00000000bf900000, 0x00000000c3600000)
  object space 21504K, 51% used [0x00000000be400000,0x00000000beee0608,0x00000000bf900000)
Event: 20.607 GC heap after
Heap after GC invocations=3 (full 0):
 PSYoungGen      total 18432K, used 2559K [0x00000000ebc80000, 0x00000000ed100000, 0x0000000100000000)
  eden space 15872K, 0% used [0x00000000ebc80000,0x00000000ebc80000,0x00000000ecc00000)
  from space 2560K, 99% used [0x00000000ecc00000,0x00000000ece7fce8,0x00000000ece80000)
  to   space 2560K, 0% used [0x00000000ece80000,0x00000000ece80000,0x00000000ed100000)
 ParOldGen       total 40960K, used 25020K [0x00000000c3600000, 0x00000000c5e00000, 0x00000000ebc80000)
  object space 40960K, 61% used [0x00000000c3600000,0x00000000c4e6f1d0,0x00000000c5e00000)
 PSPermGen       total 21504K, used 11137K [0x00000000be400000, 0x00000000bf900000, 0x00000000c3600000)
  object space 21504K, 51% used [0x00000000be400000,0x00000000beee0608,0x00000000bf900000)
}
Event: 20.607 GC heap before
{Heap before GC invocations=4 (full 1):
 PSYoungGen      total 18432K, used 2559K [0x00000000ebc80000, 0x00000000ed100000, 0x0000000100000000)
  eden space 15872K, 0% used [0x00000000ebc80000,0x00000000ebc80000,0x00000000ecc00000)
  from space 2560K, 99% used [0x00000000ecc00000,0x00000000ece7fce8,0x00000000ece80000)
  to   space 2560K, 0% used [0x00000000ece80000,0x00000000ece80000,0x00000000ed100000)
 ParOldGen       total 40960K, used 25020K [0x00000000c3600000, 0x00000000c5e00000, 0x00000000ebc80000)
  object space 40960K, 61% used [0x00000000c3600000,0x00000000c4e6f1d0,0x00000000c5e00000)
 PSPermGen       total 21504K, used 11137K [0x00000000be400000, 0x00000000bf900000, 0x00000000c3600000)
  object space 21504K, 51% used [0x00000000be400000,0x00000000beee0608,0x00000000bf900000)
Event: 20.653 GC heap after
Heap after GC invocations=4 (full 1):
 PSYoungGen      total 18432K, used 0K [0x00000000ebc80000, 0x00000000ed100000, 0x0000000100000000)
  eden space 15872K, 0% used [0x00000000ebc80000,0x00000000ebc80000,0x00000000ecc00000)
  from space 2560K, 0% used [0x00000000ecc00000,0x00000000ecc00000,0x00000000ece80000)
  to   space 2560K, 0% used [0x00000000ece80000,0x00000000ece80000,0x00000000ed100000)
 ParOldGen       total 51200K, used 16023K [0x00000000c3600000, 0x00000000c6800000, 0x00000000ebc80000)
  object space 51200K, 31% used [0x00000000c3600000,0x00000000c45a5d10,0x00000000c6800000)
 PSPermGen       total 22528K, used 11133K [0x00000000be400000, 0x00000000bfa00000, 0x00000000c3600000)
  object space 22528K, 49% used [0x00000000be400000,0x00000000beedf738,0x00000000bfa00000)
}

